<?xml version="1.0" encoding="UTF-8"?>
<testng-results skipped="0" failed="0" ignored="0" total="3" passed="3">
  <reporter-output>
  </reporter-output>
  <suite name="Default suite" duration-ms="228308" started-at="2018-10-26T07:01:29Z" finished-at="2018-10-26T07:05:18Z">
    <groups>
    </groups>
    <test name="Default test" duration-ms="228308" started-at="2018-10-26T07:01:29Z" finished-at="2018-10-26T07:05:18Z">
      <class name="Admin">
        <test-method status="PASS" signature="create_restaurant()[pri:0, instance:Admin@53f65459]" name="create_restaurant" duration-ms="122662" started-at="2018-10-26T07:01:29Z" finished-at="2018-10-26T07:03:32Z">
          <reporter-output>
          </reporter-output>
        </test-method> <!-- create_restaurant -->
        <test-method status="PASS" signature="search_restaurant()[pri:1, instance:Admin@53f65459]" name="search_restaurant" duration-ms="71950" started-at="2018-10-26T07:03:32Z" finished-at="2018-10-26T07:04:44Z">
          <reporter-output>
          </reporter-output>
        </test-method> <!-- search_restaurant -->
        <test-method status="PASS" signature="view_order()[pri:2, instance:Admin@53f65459]" name="view_order" duration-ms="33650" started-at="2018-10-26T07:04:44Z" finished-at="2018-10-26T07:05:18Z">
          <reporter-output>
          </reporter-output>
        </test-method> <!-- view_order -->
      </class> <!-- Admin -->
    </test> <!-- Default test -->
  </suite> <!-- Default suite -->
</testng-results>
