<?xml version="1.0" encoding="UTF-8"?>
<!-- Generated by org.testng.reporters.JUnitXMLReporter -->
<testsuite hostname="DESKTOP-9BMLCIN" ignored="0" tests="4" failures="0" timestamp="08 Nov 2018 06:23:00 GMT" time="171.632" errors="0">
  <testcase name="Agent" time="50.282" classname="Real_Estate_Script"/>
  <testcase name="Admin" time="30.826" classname="Real_Estate_Script"/>
  <testcase name="User" time="38.688" classname="Real_Estate_Script"/>
  <testcase name="Admin1" time="18.634" classname="Real_Estate_Script"/>
</testsuite>
